Determining if the pthread_create exist failed with the following output:
Change Dir: /home/wecar/ROS_wecar/wecar_ws/build/CMakeFiles/CMakeTmp

Run Build Command:"/usr/bin/make" "cmTC_74225/fast"
/usr/bin/make -f CMakeFiles/cmTC_74225.dir/build.make CMakeFiles/cmTC_74225.dir/build
make[1]: Entering directory '/home/wecar/ROS_wecar/wecar_ws/build/CMakeFiles/CMakeTmp'
Building C object CMakeFiles/cmTC_74225.dir/CheckSymbolExists.c.o
/usr/bin/cc    -o CMakeFiles/cmTC_74225.dir/CheckSymbolExists.c.o   -c /home/wecar/ROS_wecar/wecar_ws/build/CMakeFiles/CMakeTmp/CheckSymbolExists.c
Linking C executable cmTC_74225
/usr/bin/cmake -E cmake_link_script CMakeFiles/cmTC_74225.dir/link.txt --verbose=1
/usr/bin/cc      -rdynamic CMakeFiles/cmTC_74225.dir/CheckSymbolExists.c.o  -o cmTC_74225 
CMakeFiles/cmTC_74225.dir/CheckSymbolExists.c.o: In function `main':
CheckSymbolExists.c:(.text+0x14): undefined reference to `pthread_create'
CheckSymbolExists.c:(.text+0x18): undefined reference to `pthread_create'
collect2: error: ld returned 1 exit status
CMakeFiles/cmTC_74225.dir/build.make:97: recipe for target 'cmTC_74225' failed
make[1]: *** [cmTC_74225] Error 1
make[1]: Leaving directory '/home/wecar/ROS_wecar/wecar_ws/build/CMakeFiles/CMakeTmp'
Makefile:126: recipe for target 'cmTC_74225/fast' failed
make: *** [cmTC_74225/fast] Error 2

File /home/wecar/ROS_wecar/wecar_ws/build/CMakeFiles/CMakeTmp/CheckSymbolExists.c:
/* */
#include <pthread.h>

int main(int argc, char** argv)
{
  (void)argv;
#ifndef pthread_create
  return ((int*)(&pthread_create))[argc];
#else
  (void)argc;
  return 0;
#endif
}

Determining if the function pthread_create exists in the pthreads failed with the following output:
Change Dir: /home/wecar/ROS_wecar/wecar_ws/build/CMakeFiles/CMakeTmp

Run Build Command:"/usr/bin/make" "cmTC_b4aad/fast"
/usr/bin/make -f CMakeFiles/cmTC_b4aad.dir/build.make CMakeFiles/cmTC_b4aad.dir/build
make[1]: Entering directory '/home/wecar/ROS_wecar/wecar_ws/build/CMakeFiles/CMakeTmp'
Building C object CMakeFiles/cmTC_b4aad.dir/CheckFunctionExists.c.o
/usr/bin/cc   -DCHECK_FUNCTION_EXISTS=pthread_create   -o CMakeFiles/cmTC_b4aad.dir/CheckFunctionExists.c.o   -c /usr/share/cmake-3.10/Modules/CheckFunctionExists.c
Linking C executable cmTC_b4aad
/usr/bin/cmake -E cmake_link_script CMakeFiles/cmTC_b4aad.dir/link.txt --verbose=1
/usr/bin/cc  -DCHECK_FUNCTION_EXISTS=pthread_create    -rdynamic CMakeFiles/cmTC_b4aad.dir/CheckFunctionExists.c.o  -o cmTC_b4aad -lpthreads 
/usr/bin/ld: cannot find -lpthreads
collect2: error: ld returned 1 exit status
CMakeFiles/cmTC_b4aad.dir/build.make:97: recipe for target 'cmTC_b4aad' failed
make[1]: *** [cmTC_b4aad] Error 1
make[1]: Leaving directory '/home/wecar/ROS_wecar/wecar_ws/build/CMakeFiles/CMakeTmp'
Makefile:126: recipe for target 'cmTC_b4aad/fast' failed
make: *** [cmTC_b4aad/fast] Error 2


